<?xml version="1.0" encoding="UTF-8"?>
<!-- Generated by org.testng.reporters.JUnitReportReporter -->
<testsuite hostname="DESKTOP-13IVID4" failures="0" tests="2" name="testNG.AnnotationSample2" time="0.021" errors="0" timestamp="28 Sep 2018 15:25:23 GMT" skipped="0">
  <testcase classname="testNG.AnnotationSample2" name="lakshman" time="0.013"/>
  <testcase classname="testNG.AnnotationSample2" name="f" time="0.008"/>
</testsuite> <!-- testNG.AnnotationSample2 -->
