<?xml version="1.0" encoding="UTF-8"?>
<!-- Generated by org.testng.reporters.JUnitReportReporter -->
<testsuite hostname="DESKTOP-13IVID4" failures="0" tests="2" name="testNG.AnnotationSample3" time="0.006" errors="0" timestamp="28 Sep 2018 15:25:23 GMT" skipped="0">
  <testcase classname="testNG.AnnotationSample3" name="lakshman" time="0.002"/>
  <testcase classname="testNG.AnnotationSample3" name="f" time="0.004"/>
</testsuite> <!-- testNG.AnnotationSample3 -->
