<?xml version="1.0" encoding="UTF-8"?>
<!-- Generated by org.testng.reporters.JUnitReportReporter -->
<testsuite hostname="DESKTOP-13IVID4" failures="0" tests="4" name="testNG.MultipleTestGroupExample" time="0.015" errors="0" timestamp="30 Sep 2018 10:46:45 GMT" skipped="0">
  <testcase classname="testNG.MultipleTestGroupExample" name="firstTest" time="0.003"/>
  <testcase classname="testNG.MultipleTestGroupExample" name="thirdTest" time="0.005"/>
  <testcase classname="testNG.MultipleTestGroupExample" name="secondTest" time="0.005"/>
  <testcase classname="testNG.MultipleTestGroupExample" name="forthTest" time="0.002"/>
</testsuite> <!-- testNG.MultipleTestGroupExample -->
