<?xml version="1.0" encoding="UTF-8"?>
<!-- Generated by org.testng.reporters.JUnitReportReporter -->
<testsuite hostname="DESKTOP-13IVID4" failures="0" tests="1" name="testNG.AnnotationSample1" time="0.023" errors="0" timestamp="29 Sep 2018 07:38:39 GMT" skipped="0">
  <testcase classname="testNG.AnnotationSample1" name="f" time="0.023"/>
</testsuite> <!-- testNG.AnnotationSample1 -->
