<?xml version="1.0" encoding="UTF-8"?>
<!-- Generated by org.testng.reporters.JUnitReportReporter -->
<testsuite hostname="DESKTOP-13IVID4" failures="0" tests="4" name="testNG.DependencyTest" time="0.036" errors="0" timestamp="29 Sep 2018 06:47:59 GMT" skipped="0">
  <testcase classname="testNG.DependencyTest" name="init" time="0.005"/>
  <testcase classname="testNG.DependencyTest" name="stop" time="0.003"/>
  <testcase classname="testNG.DependencyTest" name="process" time="0.006"/>
  <testcase classname="testNG.DependencyTest" name="start" time="0.022"/>
</testsuite> <!-- testNG.DependencyTest -->
