<?xml version="1.0" encoding="UTF-8"?>
<!-- Generated by org.testng.reporters.JUnitReportReporter -->
<testsuite hostname="DESKTOP-13IVID4" failures="0" tests="1" name="testNG.TestGroupExample" time="0.026" errors="0" timestamp="30 Sep 2018 10:46:45 GMT" skipped="0">
  <testcase classname="testNG.TestGroupExample" name="firstSmokeTest" time="0.026"/>
</testsuite> <!-- testNG.TestGroupExample -->
