<?xml version="1.0" encoding="UTF-8"?>
<!-- Generated by org.testng.reporters.JUnitReportReporter -->
<testsuite hostname="DESKTOP-13IVID4" failures="0" tests="3" name="testNG.Crossbrowsertesting" time="23.472" errors="0" timestamp="30 Sep 2018 08:57:22 GMT" skipped="0">
  <testcase classname="testNG.Crossbrowsertesting" name="f" time="8.758"/>
  <testcase classname="testNG.Crossbrowsertesting" name="f" time="8.307"/>
  <testcase classname="testNG.Crossbrowsertesting" name="f" time="6.407"/>
</testsuite> <!-- testNG.Crossbrowsertesting -->
