<?xml version="1.0" encoding="UTF-8"?>
<!-- Generated by org.testng.reporters.JUnitReportReporter -->
<testsuite hostname="DESKTOP-13IVID4" failures="0" tests="6" name="testNG.PrioritySample" time="0.036" errors="0" timestamp="29 Sep 2018 06:42:54 GMT" skipped="1">
  <testcase classname="testNG.PrioritySample" name="test" time="0.024"/>
  <testcase classname="testNG.PrioritySample" name="f" time="0.003"/>
  <testcase classname="testNG.PrioritySample" name="d" time="0.003"/>
  <testcase classname="testNG.PrioritySample" name="v" time="0.002"/>
  <testcase classname="testNG.PrioritySample" name="m" time="0.004"/>
  <testcase classname="testNG.PrioritySample" name="rest">
    <skipped/>
  </testcase> <!-- rest -->
</testsuite> <!-- testNG.PrioritySample -->
