<?xml version="1.0" encoding="UTF-8"?>
<!-- Generated by org.testng.reporters.JUnitReportReporter -->
<testsuite hostname="DESKTOP-13IVID4" failures="0" tests="1" name="testNG.FB_Login" time="24.019" errors="0" timestamp="28 Sep 2018 15:25:23 GMT" skipped="0">
  <testcase classname="testNG.FB_Login" name="login" time="24.019"/>
</testsuite> <!-- testNG.FB_Login -->
